

Version:	3.50
CmdLine:	E:\Documents\GitHub\course-checker\CourseChecker.exe --l4j-debug
JNI:		No
WOW64:		Yes
Working dir:	E:\Documents\GitHub\course-checker\.
Requires JDK:	No
Requires 64-Bit: No
Java min ver:	1.011.000
Java max ver:	1.017.000
Substitute:	JAVA_HOME = 
Substitute:	PATH = C:\Program Files\Common Files\Oracle\Java\javapath;C:\Program Files (x86)\Common Files\Oracle\Java\javapath;C:\windows\system32;C:\windows;C:\windows\System32\Wbem;C:\windows\System32\WindowsPowerShell\v1.0\;C:\windows\System32\OpenSSH\;C:\Program Files (x86)\NVIDIA Corporation\PhysX\Common;C:\Program Files\NVIDIA Corporation\NVIDIA NvDLISR;C:\Program Files\Git\cmd;C:\Program Files\dotnet\;C:\Users\Matthew\AppData\Local\Microsoft\WindowsApps;C:\Users\Matthew\AppData\Local\Programs\Microsoft VS Code\bin;C:\Users\Matthew\AppData\Local\GitHubDesktop\bin;C:\Program Files\Java\jre1.8.0_321\bin
JRE paths:	;C:\Program Files\Common Files\Oracle\Java\javapath;C:\Program Files (x86)\Common Files\Oracle\Java\javapath;C:\windows\system32;C:\windows;C:\windows\System32\Wbem;C:\windows\System32\WindowsPowerShell\v1.0\;C:\windows\System32\OpenSSH\;C:\Program Files (x86)\NVIDIA Corporation\PhysX\Common;C:\Program Files\NVIDIA Corporation\NVIDIA NvDLISR;C:\Program Files\Git\cmd;C:\Program Files\dotnet\;C:\Users\Matthew\AppData\Local\Microsoft\WindowsApps;C:\Users\Matthew\AppData\Local\Programs\Microsoft VS Code\bin;C:\Users\Matthew\AppData\Local\GitHubDesktop\bin;C:\Program Files\Java\jre1.8.0_321\bin
Check launcher:	C:\Program Files\Common Files\Oracle\Java\javapath\bin\javaw.exe (not found)
Check launcher:	C:\Program Files (x86)\Common Files\Oracle\Java\javapath\bin\javaw.exe (not found)
Check launcher:	C:\windows\system32\bin\javaw.exe (not found)
Check launcher:	C:\windows\bin\javaw.exe (not found)
Check launcher:	C:\windows\System32\Wbem\bin\javaw.exe (not found)
Check launcher:	C:\windows\System32\WindowsPowerShell\v1.0\bin\javaw.exe (not found)
Check launcher:	C:\windows\System32\OpenSSH\bin\javaw.exe (not found)
Check launcher:	C:\Program Files (x86)\NVIDIA Corporation\PhysX\Common\bin\javaw.exe (not found)
Check launcher:	C:\Program Files\NVIDIA Corporation\NVIDIA NvDLISR\bin\javaw.exe (not found)
Check launcher:	C:\Program Files\Git\cmd\bin\javaw.exe (not found)
Check launcher:	C:\Program Files\dotnet\bin\javaw.exe (not found)
Check launcher:	C:\Users\Matthew\AppData\Local\Microsoft\WindowsApps\bin\javaw.exe (not found)
Check launcher:	C:\Users\Matthew\AppData\Local\Programs\Microsoft VS Code\bin\javaw.exe (not found)
Check launcher:	C:\Users\Matthew\AppData\Local\GitHubDesktop\bin\javaw.exe (not found)
Check launcher:	C:\Program Files\Java\jre1.8.0_321\bin\javaw.exe (OK)
Version string: 1.008.000_321 / 64-Bit (Ignore)
64-bit search:	SOFTWARE\JavaSoft\Java Runtime Environment...
Check:		SOFTWARE\JavaSoft\Java Runtime Environment\1.8
Version string: 1.008.000 / 64-Bit (Ignore)
Ignore:		1.008.000
Check:		SOFTWARE\JavaSoft\Java Runtime Environment\1.8.0_321
Version string: 1.008.000_321 / 64-Bit (Ignore)
Ignore:		1.008.000_321
32-bit search:	SOFTWARE\JavaSoft\Java Runtime Environment...
Check:		SOFTWARE\JavaSoft\Java Runtime Environment\1.8
Version string: 1.008.000 / 32-Bit (Ignore)
Ignore:		1.008.000
Check:		SOFTWARE\JavaSoft\Java Runtime Environment\1.8.0_321
Version string: 1.008.000_321 / 32-Bit (Ignore)
Ignore:		1.008.000_321
64-bit search:	SOFTWARE\JavaSoft\Java Development Kit...
32-bit search:	SOFTWARE\JavaSoft\Java Development Kit...
64-bit search:	SOFTWARE\JavaSoft\JRE...
32-bit search:	SOFTWARE\JavaSoft\JRE...
64-bit search:	SOFTWARE\JavaSoft\JDK...
Check:		SOFTWARE\JavaSoft\JDK\11.0.22
Version string: 1.011.000_022 / 64-Bit (OK)
Check launcher:	C:\Program Files\Java\jdk-11\bin\javaw.exe (OK)
Match:		1.011.000_022
Runtime used:	1.011.000_022 (64-bit)
Launcher:	C:\Program Files\Java\jdk-11\bin\javaw.exe
Launcher args:	-jar "E:\Documents\GitHub\course-checker\CourseChecker.exe"
Args length:	59/32768 chars
Exit code:	0


Version:	3.50
CmdLine:	E:\Documents\GitHub\course-checker\CourseChecker.exe --l4j-debug
JNI:		No
WOW64:		Yes
Working dir:	E:\Documents\GitHub\course-checker\.
Requires JDK:	No
Requires 64-Bit: No
Java min ver:	1.017.000
Java max ver:	
Substitute:	JAVA_HOME = 
Substitute:	PATH = C:\Program Files\Common Files\Oracle\Java\javapath;C:\Program Files (x86)\Common Files\Oracle\Java\javapath;C:\windows\system32;C:\windows;C:\windows\System32\Wbem;C:\windows\System32\WindowsPowerShell\v1.0\;C:\windows\System32\OpenSSH\;C:\Program Files (x86)\NVIDIA Corporation\PhysX\Common;C:\Program Files\NVIDIA Corporation\NVIDIA NvDLISR;C:\Program Files\Git\cmd;C:\Program Files\dotnet\;C:\Users\Matthew\AppData\Local\Microsoft\WindowsApps;C:\Users\Matthew\AppData\Local\Programs\Microsoft VS Code\bin;C:\Users\Matthew\AppData\Local\GitHubDesktop\bin;C:\Program Files\Java\jre1.8.0_321\bin
JRE paths:	;C:\Program Files\Common Files\Oracle\Java\javapath;C:\Program Files (x86)\Common Files\Oracle\Java\javapath;C:\windows\system32;C:\windows;C:\windows\System32\Wbem;C:\windows\System32\WindowsPowerShell\v1.0\;C:\windows\System32\OpenSSH\;C:\Program Files (x86)\NVIDIA Corporation\PhysX\Common;C:\Program Files\NVIDIA Corporation\NVIDIA NvDLISR;C:\Program Files\Git\cmd;C:\Program Files\dotnet\;C:\Users\Matthew\AppData\Local\Microsoft\WindowsApps;C:\Users\Matthew\AppData\Local\Programs\Microsoft VS Code\bin;C:\Users\Matthew\AppData\Local\GitHubDesktop\bin;C:\Program Files\Java\jre1.8.0_321\bin
Check launcher:	C:\Program Files\Common Files\Oracle\Java\javapath\bin\javaw.exe (not found)
Check launcher:	C:\Program Files (x86)\Common Files\Oracle\Java\javapath\bin\javaw.exe (not found)
Check launcher:	C:\windows\system32\bin\javaw.exe (not found)
Check launcher:	C:\windows\bin\javaw.exe (not found)
Check launcher:	C:\windows\System32\Wbem\bin\javaw.exe (not found)
Check launcher:	C:\windows\System32\WindowsPowerShell\v1.0\bin\javaw.exe (not found)
Check launcher:	C:\windows\System32\OpenSSH\bin\javaw.exe (not found)
Check launcher:	C:\Program Files (x86)\NVIDIA Corporation\PhysX\Common\bin\javaw.exe (not found)
Check launcher:	C:\Program Files\NVIDIA Corporation\NVIDIA NvDLISR\bin\javaw.exe (not found)
Check launcher:	C:\Program Files\Git\cmd\bin\javaw.exe (not found)
Check launcher:	C:\Program Files\dotnet\bin\javaw.exe (not found)
Check launcher:	C:\Users\Matthew\AppData\Local\Microsoft\WindowsApps\bin\javaw.exe (not found)
Check launcher:	C:\Users\Matthew\AppData\Local\Programs\Microsoft VS Code\bin\javaw.exe (not found)
Check launcher:	C:\Users\Matthew\AppData\Local\GitHubDesktop\bin\javaw.exe (not found)
Check launcher:	C:\Program Files\Java\jre1.8.0_321\bin\javaw.exe (OK)
Version string: 1.008.000_321 / 64-Bit (Ignore)
64-bit search:	SOFTWARE\JavaSoft\Java Runtime Environment...
Check:		SOFTWARE\JavaSoft\Java Runtime Environment\1.8
Version string: 1.008.000 / 64-Bit (Ignore)
Ignore:		1.008.000
Check:		SOFTWARE\JavaSoft\Java Runtime Environment\1.8.0_321
Version string: 1.008.000_321 / 64-Bit (Ignore)
Ignore:		1.008.000_321
32-bit search:	SOFTWARE\JavaSoft\Java Runtime Environment...
Check:		SOFTWARE\JavaSoft\Java Runtime Environment\1.8
Version string: 1.008.000 / 32-Bit (Ignore)
Ignore:		1.008.000
Check:		SOFTWARE\JavaSoft\Java Runtime Environment\1.8.0_321
Version string: 1.008.000_321 / 32-Bit (Ignore)
Ignore:		1.008.000_321
64-bit search:	SOFTWARE\JavaSoft\Java Development Kit...
32-bit search:	SOFTWARE\JavaSoft\Java Development Kit...
64-bit search:	SOFTWARE\JavaSoft\JRE...
32-bit search:	SOFTWARE\JavaSoft\JRE...
64-bit search:	SOFTWARE\JavaSoft\JDK...
Check:		SOFTWARE\JavaSoft\JDK\11.0.22
Version string: 1.011.000_022 / 64-Bit (Ignore)
Ignore:		1.011.000_022
Check:		SOFTWARE\JavaSoft\JDK\22.0.2
Version string: 1.022.000_002 / 64-Bit (OK)
Check launcher:	C:\Program Files\Java\jdk-22\bin\javaw.exe (OK)
Match:		1.022.000_002
Runtime used:	1.022.000_002 (64-bit)
Launcher:	C:\Program Files\Java\jdk-22\bin\javaw.exe
Launcher args:	-jar "E:\Documents\GitHub\course-checker\CourseChecker.exe"
Args length:	59/32768 chars
Exit code:	0
